[0.078s] DEBUG:colcon:Command line arguments: ['/usr/bin/colcon', 'list']
[0.078s] DEBUG:colcon:Parsed command line arguments: Namespace(log_base=None, log_level=None, verb_name='list', build_base='build', ignore_user_meta=False, metas=['./colcon.meta'], base_paths=['.'], packages_ignore=None, packages_ignore_regex=None, paths=None, packages_up_to=None, packages_up_to_regex=None, packages_above=None, packages_above_and_dependencies=None, packages_above_depth=None, packages_select_by_dep=None, packages_skip_by_dep=None, packages_skip_up_to=None, packages_select_build_failed=False, packages_skip_build_finished=False, packages_select_test_failures=False, packages_skip_test_passed=False, packages_select=None, packages_skip=None, packages_select_regex=None, packages_skip_regex=None, packages_start=None, packages_end=None, topological_order=False, names_only=False, paths_only=False, topological_graph=False, topological_graph_dot=False, topological_graph_density=False, topological_graph_legend=False, topological_graph_dot_cluster=False, topological_graph_dot_include_skipped=False, mixin_files=None, mixin=None, verb_parser=<colcon_mixin.mixin.mixin_argument.MixinArgumentDecorator object at 0x7485549686e0>, verb_extension=<colcon_package_information.verb.list.ListVerb object at 0x74855493b920>, main=<bound method ListVerb.main of <colcon_package_information.verb.list.ListVerb object at 0x74855493b920>>, mixin_verb=('list',))
[0.101s] Level 1:colcon.colcon_core.package_discovery:discover_packages(colcon_meta) check parameters
[0.101s] Level 1:colcon.colcon_core.package_discovery:discover_packages(recursive) check parameters
[0.101s] Level 1:colcon.colcon_core.package_discovery:discover_packages(ignore) check parameters
[0.101s] Level 1:colcon.colcon_core.package_discovery:discover_packages(path) check parameters
[0.101s] Level 1:colcon.colcon_core.package_discovery:discover_packages(colcon_meta) discover
[0.101s] Level 1:colcon.colcon_core.package_discovery:discover_packages(recursive) discover
[0.101s] INFO:colcon.colcon_core.package_discovery:Crawling recursively for packages in '/home/mohany/ws/src/race_stack'
[0.101s] Level 1:colcon.colcon_core.package_identification:_identify(.) by extensions ['ignore', 'ignore_ament_install']
[0.101s] Level 1:colcon.colcon_core.package_identification:_identify(.) by extension 'ignore'
[0.101s] Level 1:colcon.colcon_core.package_identification:_identify(.) by extension 'ignore_ament_install'
[0.101s] Level 1:colcon.colcon_core.package_identification:_identify(.) by extensions ['colcon_pkg']
[0.101s] Level 1:colcon.colcon_core.package_identification:_identify(.) by extension 'colcon_pkg'
[0.101s] Level 1:colcon.colcon_core.package_identification:_identify(.) by extensions ['colcon_meta']
[0.101s] Level 1:colcon.colcon_core.package_identification:_identify(.) by extension 'colcon_meta'
[0.101s] Level 1:colcon.colcon_core.package_identification:_identify(.) by extensions ['ros']
[0.101s] Level 1:colcon.colcon_core.package_identification:_identify(.) by extension 'ros'
[0.117s] Level 1:colcon.colcon_core.package_identification:_identify(.) by extensions ['cmake', 'python']
[0.117s] Level 1:colcon.colcon_core.package_identification:_identify(.) by extension 'cmake'
[0.117s] Level 1:colcon.colcon_core.package_identification:_identify(.) by extension 'python'
[0.117s] Level 1:colcon.colcon_core.package_identification:_identify(.) by extensions ['python_setup_py']
[0.117s] Level 1:colcon.colcon_core.package_identification:_identify(.) by extension 'python_setup_py'
[0.117s] Level 1:colcon.colcon_core.package_identification:_identify(base_system) by extensions ['ignore', 'ignore_ament_install']
[0.117s] Level 1:colcon.colcon_core.package_identification:_identify(base_system) by extension 'ignore'
[0.117s] Level 1:colcon.colcon_core.package_identification:_identify(base_system) by extension 'ignore_ament_install'
[0.117s] Level 1:colcon.colcon_core.package_identification:_identify(base_system) by extensions ['colcon_pkg']
[0.117s] Level 1:colcon.colcon_core.package_identification:_identify(base_system) by extension 'colcon_pkg'
[0.117s] Level 1:colcon.colcon_core.package_identification:_identify(base_system) by extensions ['colcon_meta']
[0.117s] Level 1:colcon.colcon_core.package_identification:_identify(base_system) by extension 'colcon_meta'
[0.117s] Level 1:colcon.colcon_core.package_identification:_identify(base_system) by extensions ['ros']
[0.117s] Level 1:colcon.colcon_core.package_identification:_identify(base_system) by extension 'ros'
[0.117s] Level 1:colcon.colcon_core.package_identification:_identify(base_system) by extensions ['cmake', 'python']
[0.117s] Level 1:colcon.colcon_core.package_identification:_identify(base_system) by extension 'cmake'
[0.117s] Level 1:colcon.colcon_core.package_identification:_identify(base_system) by extension 'python'
[0.117s] Level 1:colcon.colcon_core.package_identification:_identify(base_system) by extensions ['python_setup_py']
[0.117s] Level 1:colcon.colcon_core.package_identification:_identify(base_system) by extension 'python_setup_py'
[0.117s] Level 1:colcon.colcon_core.package_identification:_identify(base_system/f110_simulator) by extensions ['ignore', 'ignore_ament_install']
[0.117s] Level 1:colcon.colcon_core.package_identification:_identify(base_system/f110_simulator) by extension 'ignore'
[0.117s] Level 1:colcon.colcon_core.package_identification:_identify(base_system/f110_simulator) by extension 'ignore_ament_install'
[0.117s] Level 1:colcon.colcon_core.package_identification:_identify(base_system/f110_simulator) by extensions ['colcon_pkg']
[0.117s] Level 1:colcon.colcon_core.package_identification:_identify(base_system/f110_simulator) by extension 'colcon_pkg'
[0.118s] Level 1:colcon.colcon_core.package_identification:_identify(base_system/f110_simulator) by extensions ['colcon_meta']
[0.118s] Level 1:colcon.colcon_core.package_identification:_identify(base_system/f110_simulator) by extension 'colcon_meta'
[0.118s] Level 1:colcon.colcon_core.package_identification:_identify(base_system/f110_simulator) by extensions ['ros']
[0.118s] Level 1:colcon.colcon_core.package_identification:_identify(base_system/f110_simulator) by extension 'ros'
[0.118s] Level 1:colcon.colcon_core.package_identification:_identify(base_system/f110_simulator) by extensions ['cmake', 'python']
[0.118s] Level 1:colcon.colcon_core.package_identification:_identify(base_system/f110_simulator) by extension 'cmake'
[0.118s] Level 1:colcon.colcon_core.package_identification:_identify(base_system/f110_simulator) by extension 'python'
[0.118s] Level 1:colcon.colcon_core.package_identification:_identify(base_system/f110_simulator) by extensions ['python_setup_py']
[0.118s] Level 1:colcon.colcon_core.package_identification:_identify(base_system/f110_simulator) by extension 'python_setup_py'
[0.118s] Level 1:colcon.colcon_core.package_identification:_identify(base_system/f110_simulator/f1tenth_gym) by extensions ['ignore', 'ignore_ament_install']
[0.118s] Level 1:colcon.colcon_core.package_identification:_identify(base_system/f110_simulator/f1tenth_gym) by extension 'ignore'
[0.118s] Level 1:colcon.colcon_core.package_identification:_identify(base_system/f110_simulator/f1tenth_gym) by extension 'ignore_ament_install'
[0.118s] Level 1:colcon.colcon_core.package_identification:_identify(base_system/f110_simulator/f1tenth_gym) by extensions ['colcon_pkg']
[0.118s] Level 1:colcon.colcon_core.package_identification:_identify(base_system/f110_simulator/f1tenth_gym) by extension 'colcon_pkg'
[0.118s] Level 1:colcon.colcon_core.package_identification:_identify(base_system/f110_simulator/f1tenth_gym) by extensions ['colcon_meta']
[0.118s] Level 1:colcon.colcon_core.package_identification:_identify(base_system/f110_simulator/f1tenth_gym) by extension 'colcon_meta'
[0.118s] Level 1:colcon.colcon_core.package_identification:_identify(base_system/f110_simulator/f1tenth_gym) by extensions ['ros']
[0.118s] Level 1:colcon.colcon_core.package_identification:_identify(base_system/f110_simulator/f1tenth_gym) by extension 'ros'
[0.118s] Level 1:colcon.colcon_core.package_identification:_identify(base_system/f110_simulator/f1tenth_gym) by extensions ['cmake', 'python']
[0.118s] Level 1:colcon.colcon_core.package_identification:_identify(base_system/f110_simulator/f1tenth_gym) by extension 'cmake'
[0.118s] Level 1:colcon.colcon_core.package_identification:_identify(base_system/f110_simulator/f1tenth_gym) by extension 'python'
[0.118s] Level 1:colcon.colcon_core.package_identification:_identify(base_system/f110_simulator/f1tenth_gym) by extensions ['python_setup_py']
[0.118s] Level 1:colcon.colcon_core.package_identification:_identify(base_system/f110_simulator/f1tenth_gym) by extension 'python_setup_py'
[0.237s] DEBUG:colcon.colcon_core.package_identification:Package 'base_system/f110_simulator/f1tenth_gym' with type 'python' and name 'f110_gym'
[0.237s] Level 1:colcon.colcon_core.package_identification:_identify(base_system/f110_simulator/f1tenth_gym_ros) by extensions ['ignore', 'ignore_ament_install']
[0.237s] Level 1:colcon.colcon_core.package_identification:_identify(base_system/f110_simulator/f1tenth_gym_ros) by extension 'ignore'
[0.237s] Level 1:colcon.colcon_core.package_identification:_identify(base_system/f110_simulator/f1tenth_gym_ros) by extension 'ignore_ament_install'
[0.237s] Level 1:colcon.colcon_core.package_identification:_identify(base_system/f110_simulator/f1tenth_gym_ros) by extensions ['colcon_pkg']
[0.237s] Level 1:colcon.colcon_core.package_identification:_identify(base_system/f110_simulator/f1tenth_gym_ros) by extension 'colcon_pkg'
[0.237s] Level 1:colcon.colcon_core.package_identification:_identify(base_system/f110_simulator/f1tenth_gym_ros) by extensions ['colcon_meta']
[0.237s] Level 1:colcon.colcon_core.package_identification:_identify(base_system/f110_simulator/f1tenth_gym_ros) by extension 'colcon_meta'
[0.237s] Level 1:colcon.colcon_core.package_identification:_identify(base_system/f110_simulator/f1tenth_gym_ros) by extensions ['ros']
[0.237s] Level 1:colcon.colcon_core.package_identification:_identify(base_system/f110_simulator/f1tenth_gym_ros) by extension 'ros'
[0.239s] DEBUG:colcon.colcon_core.package_identification:Package 'base_system/f110_simulator/f1tenth_gym_ros' with type 'ros.ament_python' and name 'f1tenth_gym_ros'
[0.239s] Level 1:colcon.colcon_core.package_identification:_identify(base_system/f1tenth_system) by extensions ['ignore', 'ignore_ament_install']
[0.239s] Level 1:colcon.colcon_core.package_identification:_identify(base_system/f1tenth_system) by extension 'ignore'
[0.239s] Level 1:colcon.colcon_core.package_identification:_identify(base_system/f1tenth_system) by extension 'ignore_ament_install'
[0.239s] Level 1:colcon.colcon_core.package_identification:_identify(base_system/f1tenth_system) by extensions ['colcon_pkg']
[0.239s] Level 1:colcon.colcon_core.package_identification:_identify(base_system/f1tenth_system) by extension 'colcon_pkg'
[0.239s] Level 1:colcon.colcon_core.package_identification:_identify(base_system/f1tenth_system) by extensions ['colcon_meta']
[0.239s] Level 1:colcon.colcon_core.package_identification:_identify(base_system/f1tenth_system) by extension 'colcon_meta'
[0.239s] Level 1:colcon.colcon_core.package_identification:_identify(base_system/f1tenth_system) by extensions ['ros']
[0.239s] Level 1:colcon.colcon_core.package_identification:_identify(base_system/f1tenth_system) by extension 'ros'
[0.239s] Level 1:colcon.colcon_core.package_identification:_identify(base_system/f1tenth_system) by extensions ['cmake', 'python']
[0.239s] Level 1:colcon.colcon_core.package_identification:_identify(base_system/f1tenth_system) by extension 'cmake'
[0.239s] Level 1:colcon.colcon_core.package_identification:_identify(base_system/f1tenth_system) by extension 'python'
[0.239s] Level 1:colcon.colcon_core.package_identification:_identify(base_system/f1tenth_system) by extensions ['python_setup_py']
[0.239s] Level 1:colcon.colcon_core.package_identification:_identify(base_system/f1tenth_system) by extension 'python_setup_py'
[0.239s] Level 1:colcon.colcon_core.package_identification:_identify(base_system/f1tenth_system/ackermann_mux) by extensions ['ignore', 'ignore_ament_install']
[0.239s] Level 1:colcon.colcon_core.package_identification:_identify(base_system/f1tenth_system/ackermann_mux) by extension 'ignore'
[0.239s] Level 1:colcon.colcon_core.package_identification:_identify(base_system/f1tenth_system/ackermann_mux) by extension 'ignore_ament_install'
[0.239s] Level 1:colcon.colcon_core.package_identification:_identify(base_system/f1tenth_system/ackermann_mux) by extensions ['colcon_pkg']
[0.239s] Level 1:colcon.colcon_core.package_identification:_identify(base_system/f1tenth_system/ackermann_mux) by extension 'colcon_pkg'
[0.239s] Level 1:colcon.colcon_core.package_identification:_identify(base_system/f1tenth_system/ackermann_mux) by extensions ['colcon_meta']
[0.239s] Level 1:colcon.colcon_core.package_identification:_identify(base_system/f1tenth_system/ackermann_mux) by extension 'colcon_meta'
[0.239s] Level 1:colcon.colcon_core.package_identification:_identify(base_system/f1tenth_system/ackermann_mux) by extensions ['ros']
[0.239s] Level 1:colcon.colcon_core.package_identification:_identify(base_system/f1tenth_system/ackermann_mux) by extension 'ros'
[0.240s] DEBUG:colcon.colcon_core.package_identification:Package 'base_system/f1tenth_system/ackermann_mux' with type 'ros.ament_cmake' and name 'ackermann_mux'
[0.240s] Level 1:colcon.colcon_core.package_identification:_identify(base_system/f1tenth_system/f1tenth_stack) by extensions ['ignore', 'ignore_ament_install']
[0.240s] Level 1:colcon.colcon_core.package_identification:_identify(base_system/f1tenth_system/f1tenth_stack) by extension 'ignore'
[0.240s] Level 1:colcon.colcon_core.package_identification:_identify(base_system/f1tenth_system/f1tenth_stack) by extension 'ignore_ament_install'
[0.240s] Level 1:colcon.colcon_core.package_identification:_identify(base_system/f1tenth_system/f1tenth_stack) by extensions ['colcon_pkg']
[0.240s] Level 1:colcon.colcon_core.package_identification:_identify(base_system/f1tenth_system/f1tenth_stack) by extension 'colcon_pkg'
[0.240s] Level 1:colcon.colcon_core.package_identification:_identify(base_system/f1tenth_system/f1tenth_stack) by extensions ['colcon_meta']
[0.240s] Level 1:colcon.colcon_core.package_identification:_identify(base_system/f1tenth_system/f1tenth_stack) by extension 'colcon_meta'
[0.240s] Level 1:colcon.colcon_core.package_identification:_identify(base_system/f1tenth_system/f1tenth_stack) by extensions ['ros']
[0.240s] Level 1:colcon.colcon_core.package_identification:_identify(base_system/f1tenth_system/f1tenth_stack) by extension 'ros'
[0.241s] DEBUG:colcon.colcon_core.package_identification:Package 'base_system/f1tenth_system/f1tenth_stack' with type 'ros.ament_python' and name 'f1tenth_stack'
[0.241s] Level 1:colcon.colcon_core.package_identification:_identify(base_system/f1tenth_system/scripts) by extensions ['ignore', 'ignore_ament_install']
[0.241s] Level 1:colcon.colcon_core.package_identification:_identify(base_system/f1tenth_system/scripts) by extension 'ignore'
[0.241s] Level 1:colcon.colcon_core.package_identification:_identify(base_system/f1tenth_system/scripts) by extension 'ignore_ament_install'
[0.241s] Level 1:colcon.colcon_core.package_identification:_identify(base_system/f1tenth_system/scripts) by extensions ['colcon_pkg']
[0.241s] Level 1:colcon.colcon_core.package_identification:_identify(base_system/f1tenth_system/scripts) by extension 'colcon_pkg'
[0.241s] Level 1:colcon.colcon_core.package_identification:_identify(base_system/f1tenth_system/scripts) by extensions ['colcon_meta']
[0.241s] Level 1:colcon.colcon_core.package_identification:_identify(base_system/f1tenth_system/scripts) by extension 'colcon_meta'
[0.241s] Level 1:colcon.colcon_core.package_identification:_identify(base_system/f1tenth_system/scripts) by extensions ['ros']
[0.241s] Level 1:colcon.colcon_core.package_identification:_identify(base_system/f1tenth_system/scripts) by extension 'ros'
[0.241s] Level 1:colcon.colcon_core.package_identification:_identify(base_system/f1tenth_system/scripts) by extensions ['cmake', 'python']
[0.241s] Level 1:colcon.colcon_core.package_identification:_identify(base_system/f1tenth_system/scripts) by extension 'cmake'
[0.241s] Level 1:colcon.colcon_core.package_identification:_identify(base_system/f1tenth_system/scripts) by extension 'python'
[0.241s] Level 1:colcon.colcon_core.package_identification:_identify(base_system/f1tenth_system/scripts) by extensions ['python_setup_py']
[0.241s] Level 1:colcon.colcon_core.package_identification:_identify(base_system/f1tenth_system/scripts) by extension 'python_setup_py'
[0.241s] Level 1:colcon.colcon_core.package_identification:_identify(base_system/f1tenth_system/teleop_tools) by extensions ['ignore', 'ignore_ament_install']
[0.241s] Level 1:colcon.colcon_core.package_identification:_identify(base_system/f1tenth_system/teleop_tools) by extension 'ignore'
[0.241s] Level 1:colcon.colcon_core.package_identification:_identify(base_system/f1tenth_system/teleop_tools) by extension 'ignore_ament_install'
[0.241s] Level 1:colcon.colcon_core.package_identification:_identify(base_system/f1tenth_system/teleop_tools) by extensions ['colcon_pkg']
[0.241s] Level 1:colcon.colcon_core.package_identification:_identify(base_system/f1tenth_system/teleop_tools) by extension 'colcon_pkg'
[0.241s] Level 1:colcon.colcon_core.package_identification:_identify(base_system/f1tenth_system/teleop_tools) by extensions ['colcon_meta']
[0.241s] Level 1:colcon.colcon_core.package_identification:_identify(base_system/f1tenth_system/teleop_tools) by extension 'colcon_meta'
[0.241s] Level 1:colcon.colcon_core.package_identification:_identify(base_system/f1tenth_system/teleop_tools) by extensions ['ros']
[0.241s] Level 1:colcon.colcon_core.package_identification:_identify(base_system/f1tenth_system/teleop_tools) by extension 'ros'
[0.241s] Level 1:colcon.colcon_core.package_identification:_identify(base_system/f1tenth_system/teleop_tools) by extensions ['cmake', 'python']
[0.241s] Level 1:colcon.colcon_core.package_identification:_identify(base_system/f1tenth_system/teleop_tools) by extension 'cmake'
[0.241s] Level 1:colcon.colcon_core.package_identification:_identify(base_system/f1tenth_system/teleop_tools) by extension 'python'
[0.241s] Level 1:colcon.colcon_core.package_identification:_identify(base_system/f1tenth_system/teleop_tools) by extensions ['python_setup_py']
[0.241s] Level 1:colcon.colcon_core.package_identification:_identify(base_system/f1tenth_system/teleop_tools) by extension 'python_setup_py'
[0.241s] Level 1:colcon.colcon_core.package_identification:_identify(base_system/f1tenth_system/teleop_tools/joy_teleop) by extensions ['ignore', 'ignore_ament_install']
[0.241s] Level 1:colcon.colcon_core.package_identification:_identify(base_system/f1tenth_system/teleop_tools/joy_teleop) by extension 'ignore'
[0.241s] Level 1:colcon.colcon_core.package_identification:_identify(base_system/f1tenth_system/teleop_tools/joy_teleop) by extension 'ignore_ament_install'
[0.241s] Level 1:colcon.colcon_core.package_identification:_identify(base_system/f1tenth_system/teleop_tools/joy_teleop) by extensions ['colcon_pkg']
[0.241s] Level 1:colcon.colcon_core.package_identification:_identify(base_system/f1tenth_system/teleop_tools/joy_teleop) by extension 'colcon_pkg'
[0.241s] Level 1:colcon.colcon_core.package_identification:_identify(base_system/f1tenth_system/teleop_tools/joy_teleop) by extensions ['colcon_meta']
[0.241s] Level 1:colcon.colcon_core.package_identification:_identify(base_system/f1tenth_system/teleop_tools/joy_teleop) by extension 'colcon_meta'
[0.241s] Level 1:colcon.colcon_core.package_identification:_identify(base_system/f1tenth_system/teleop_tools/joy_teleop) by extensions ['ros']
[0.241s] Level 1:colcon.colcon_core.package_identification:_identify(base_system/f1tenth_system/teleop_tools/joy_teleop) by extension 'ros'
[0.242s] DEBUG:colcon.colcon_core.package_identification:Package 'base_system/f1tenth_system/teleop_tools/joy_teleop' with type 'ros.ament_python' and name 'joy_teleop'
[0.242s] Level 1:colcon.colcon_core.package_identification:_identify(base_system/f1tenth_system/teleop_tools/key_teleop) by extensions ['ignore', 'ignore_ament_install']
[0.242s] Level 1:colcon.colcon_core.package_identification:_identify(base_system/f1tenth_system/teleop_tools/key_teleop) by extension 'ignore'
[0.242s] Level 1:colcon.colcon_core.package_identification:_identify(base_system/f1tenth_system/teleop_tools/key_teleop) by extension 'ignore_ament_install'
[0.242s] Level 1:colcon.colcon_core.package_identification:_identify(base_system/f1tenth_system/teleop_tools/key_teleop) by extensions ['colcon_pkg']
[0.242s] Level 1:colcon.colcon_core.package_identification:_identify(base_system/f1tenth_system/teleop_tools/key_teleop) by extension 'colcon_pkg'
[0.242s] Level 1:colcon.colcon_core.package_identification:_identify(base_system/f1tenth_system/teleop_tools/key_teleop) by extensions ['colcon_meta']
[0.242s] Level 1:colcon.colcon_core.package_identification:_identify(base_system/f1tenth_system/teleop_tools/key_teleop) by extension 'colcon_meta'
[0.242s] Level 1:colcon.colcon_core.package_identification:_identify(base_system/f1tenth_system/teleop_tools/key_teleop) by extensions ['ros']
[0.242s] Level 1:colcon.colcon_core.package_identification:_identify(base_system/f1tenth_system/teleop_tools/key_teleop) by extension 'ros'
[0.242s] DEBUG:colcon.colcon_core.package_identification:Package 'base_system/f1tenth_system/teleop_tools/key_teleop' with type 'ros.ament_python' and name 'key_teleop'
[0.242s] Level 1:colcon.colcon_core.package_identification:_identify(base_system/f1tenth_system/teleop_tools/mouse_teleop) by extensions ['ignore', 'ignore_ament_install']
[0.242s] Level 1:colcon.colcon_core.package_identification:_identify(base_system/f1tenth_system/teleop_tools/mouse_teleop) by extension 'ignore'
[0.242s] Level 1:colcon.colcon_core.package_identification:_identify(base_system/f1tenth_system/teleop_tools/mouse_teleop) by extension 'ignore_ament_install'
[0.242s] Level 1:colcon.colcon_core.package_identification:_identify(base_system/f1tenth_system/teleop_tools/mouse_teleop) by extensions ['colcon_pkg']
[0.242s] Level 1:colcon.colcon_core.package_identification:_identify(base_system/f1tenth_system/teleop_tools/mouse_teleop) by extension 'colcon_pkg'
[0.242s] Level 1:colcon.colcon_core.package_identification:_identify(base_system/f1tenth_system/teleop_tools/mouse_teleop) by extensions ['colcon_meta']
[0.242s] Level 1:colcon.colcon_core.package_identification:_identify(base_system/f1tenth_system/teleop_tools/mouse_teleop) by extension 'colcon_meta'
[0.242s] Level 1:colcon.colcon_core.package_identification:_identify(base_system/f1tenth_system/teleop_tools/mouse_teleop) by extensions ['ros']
[0.242s] Level 1:colcon.colcon_core.package_identification:_identify(base_system/f1tenth_system/teleop_tools/mouse_teleop) by extension 'ros'
[0.243s] DEBUG:colcon.colcon_core.package_identification:Package 'base_system/f1tenth_system/teleop_tools/mouse_teleop' with type 'ros.ament_python' and name 'mouse_teleop'
[0.243s] Level 1:colcon.colcon_core.package_identification:_identify(base_system/f1tenth_system/teleop_tools/teleop_tools) by extensions ['ignore', 'ignore_ament_install']
[0.243s] Level 1:colcon.colcon_core.package_identification:_identify(base_system/f1tenth_system/teleop_tools/teleop_tools) by extension 'ignore'
[0.243s] Level 1:colcon.colcon_core.package_identification:_identify(base_system/f1tenth_system/teleop_tools/teleop_tools) by extension 'ignore_ament_install'
[0.243s] Level 1:colcon.colcon_core.package_identification:_identify(base_system/f1tenth_system/teleop_tools/teleop_tools) by extensions ['colcon_pkg']
[0.243s] Level 1:colcon.colcon_core.package_identification:_identify(base_system/f1tenth_system/teleop_tools/teleop_tools) by extension 'colcon_pkg'
[0.243s] Level 1:colcon.colcon_core.package_identification:_identify(base_system/f1tenth_system/teleop_tools/teleop_tools) by extensions ['colcon_meta']
[0.243s] Level 1:colcon.colcon_core.package_identification:_identify(base_system/f1tenth_system/teleop_tools/teleop_tools) by extension 'colcon_meta'
[0.243s] Level 1:colcon.colcon_core.package_identification:_identify(base_system/f1tenth_system/teleop_tools/teleop_tools) by extensions ['ros']
[0.243s] Level 1:colcon.colcon_core.package_identification:_identify(base_system/f1tenth_system/teleop_tools/teleop_tools) by extension 'ros'
[0.243s] DEBUG:colcon.colcon_core.package_identification:Package 'base_system/f1tenth_system/teleop_tools/teleop_tools' with type 'ros.ament_cmake' and name 'teleop_tools'
[0.243s] Level 1:colcon.colcon_core.package_identification:_identify(base_system/f1tenth_system/teleop_tools/teleop_tools_msgs) by extensions ['ignore', 'ignore_ament_install']
[0.243s] Level 1:colcon.colcon_core.package_identification:_identify(base_system/f1tenth_system/teleop_tools/teleop_tools_msgs) by extension 'ignore'
[0.243s] Level 1:colcon.colcon_core.package_identification:_identify(base_system/f1tenth_system/teleop_tools/teleop_tools_msgs) by extension 'ignore_ament_install'
[0.243s] Level 1:colcon.colcon_core.package_identification:_identify(base_system/f1tenth_system/teleop_tools/teleop_tools_msgs) by extensions ['colcon_pkg']
[0.243s] Level 1:colcon.colcon_core.package_identification:_identify(base_system/f1tenth_system/teleop_tools/teleop_tools_msgs) by extension 'colcon_pkg'
[0.243s] Level 1:colcon.colcon_core.package_identification:_identify(base_system/f1tenth_system/teleop_tools/teleop_tools_msgs) by extensions ['colcon_meta']
[0.243s] Level 1:colcon.colcon_core.package_identification:_identify(base_system/f1tenth_system/teleop_tools/teleop_tools_msgs) by extension 'colcon_meta'
[0.243s] Level 1:colcon.colcon_core.package_identification:_identify(base_system/f1tenth_system/teleop_tools/teleop_tools_msgs) by extensions ['ros']
[0.243s] Level 1:colcon.colcon_core.package_identification:_identify(base_system/f1tenth_system/teleop_tools/teleop_tools_msgs) by extension 'ros'
[0.244s] DEBUG:colcon.colcon_core.package_identification:Package 'base_system/f1tenth_system/teleop_tools/teleop_tools_msgs' with type 'ros.ament_cmake' and name 'teleop_tools_msgs'
[0.244s] Level 1:colcon.colcon_core.package_identification:_identify(base_system/misc) by extensions ['ignore', 'ignore_ament_install']
[0.244s] Level 1:colcon.colcon_core.package_identification:_identify(base_system/misc) by extension 'ignore'
[0.244s] Level 1:colcon.colcon_core.package_identification:_identify(base_system/misc) by extension 'ignore_ament_install'
[0.244s] Level 1:colcon.colcon_core.package_identification:_identify(base_system/misc) by extensions ['colcon_pkg']
[0.244s] Level 1:colcon.colcon_core.package_identification:_identify(base_system/misc) by extension 'colcon_pkg'
[0.244s] Level 1:colcon.colcon_core.package_identification:_identify(base_system/misc) by extensions ['colcon_meta']
[0.244s] Level 1:colcon.colcon_core.package_identification:_identify(base_system/misc) by extension 'colcon_meta'
[0.244s] Level 1:colcon.colcon_core.package_identification:_identify(base_system/misc) by extensions ['ros']
[0.244s] Level 1:colcon.colcon_core.package_identification:_identify(base_system/misc) by extension 'ros'
[0.244s] Level 1:colcon.colcon_core.package_identification:_identify(base_system/misc) by extensions ['cmake', 'python']
[0.244s] Level 1:colcon.colcon_core.package_identification:_identify(base_system/misc) by extension 'cmake'
[0.244s] Level 1:colcon.colcon_core.package_identification:_identify(base_system/misc) by extension 'python'
[0.244s] Level 1:colcon.colcon_core.package_identification:_identify(base_system/misc) by extensions ['python_setup_py']
[0.244s] Level 1:colcon.colcon_core.package_identification:_identify(base_system/misc) by extension 'python_setup_py'
[0.244s] Level 1:colcon.colcon_core.package_identification:_identify(controller) by extensions ['ignore', 'ignore_ament_install']
[0.244s] Level 1:colcon.colcon_core.package_identification:_identify(controller) by extension 'ignore'
[0.244s] Level 1:colcon.colcon_core.package_identification:_identify(controller) by extension 'ignore_ament_install'
[0.244s] Level 1:colcon.colcon_core.package_identification:_identify(controller) by extensions ['colcon_pkg']
[0.244s] Level 1:colcon.colcon_core.package_identification:_identify(controller) by extension 'colcon_pkg'
[0.244s] Level 1:colcon.colcon_core.package_identification:_identify(controller) by extensions ['colcon_meta']
[0.244s] Level 1:colcon.colcon_core.package_identification:_identify(controller) by extension 'colcon_meta'
[0.244s] Level 1:colcon.colcon_core.package_identification:_identify(controller) by extensions ['ros']
[0.244s] Level 1:colcon.colcon_core.package_identification:_identify(controller) by extension 'ros'
[0.244s] DEBUG:colcon.colcon_core.package_identification:Package 'controller' with type 'ros.ament_python' and name 'controller'
[0.244s] Level 1:colcon.colcon_core.package_identification:_identify(log) by extensions ['ignore', 'ignore_ament_install']
[0.245s] Level 1:colcon.colcon_core.package_identification:_identify(log) by extension 'ignore'
[0.245s] Level 1:colcon.colcon_core.package_identification:_identify(log) ignored
[0.245s] Level 1:colcon.colcon_core.package_identification:_identify(perception) by extensions ['ignore', 'ignore_ament_install']
[0.245s] Level 1:colcon.colcon_core.package_identification:_identify(perception) by extension 'ignore'
[0.245s] Level 1:colcon.colcon_core.package_identification:_identify(perception) by extension 'ignore_ament_install'
[0.245s] Level 1:colcon.colcon_core.package_identification:_identify(perception) by extensions ['colcon_pkg']
[0.245s] Level 1:colcon.colcon_core.package_identification:_identify(perception) by extension 'colcon_pkg'
[0.245s] Level 1:colcon.colcon_core.package_identification:_identify(perception) by extensions ['colcon_meta']
[0.245s] Level 1:colcon.colcon_core.package_identification:_identify(perception) by extension 'colcon_meta'
[0.245s] Level 1:colcon.colcon_core.package_identification:_identify(perception) by extensions ['ros']
[0.245s] Level 1:colcon.colcon_core.package_identification:_identify(perception) by extension 'ros'
[0.245s] DEBUG:colcon.colcon_core.package_identification:Package 'perception' with type 'ros.ament_python' and name 'perception'
[0.245s] Level 1:colcon.colcon_core.package_identification:_identify(planner) by extensions ['ignore', 'ignore_ament_install']
[0.245s] Level 1:colcon.colcon_core.package_identification:_identify(planner) by extension 'ignore'
[0.245s] Level 1:colcon.colcon_core.package_identification:_identify(planner) by extension 'ignore_ament_install'
[0.245s] Level 1:colcon.colcon_core.package_identification:_identify(planner) by extensions ['colcon_pkg']
[0.245s] Level 1:colcon.colcon_core.package_identification:_identify(planner) by extension 'colcon_pkg'
[0.245s] Level 1:colcon.colcon_core.package_identification:_identify(planner) by extensions ['colcon_meta']
[0.245s] Level 1:colcon.colcon_core.package_identification:_identify(planner) by extension 'colcon_meta'
[0.245s] Level 1:colcon.colcon_core.package_identification:_identify(planner) by extensions ['ros']
[0.245s] Level 1:colcon.colcon_core.package_identification:_identify(planner) by extension 'ros'
[0.245s] Level 1:colcon.colcon_core.package_identification:_identify(planner) by extensions ['cmake', 'python']
[0.245s] Level 1:colcon.colcon_core.package_identification:_identify(planner) by extension 'cmake'
[0.245s] Level 1:colcon.colcon_core.package_identification:_identify(planner) by extension 'python'
[0.245s] Level 1:colcon.colcon_core.package_identification:_identify(planner) by extensions ['python_setup_py']
[0.245s] Level 1:colcon.colcon_core.package_identification:_identify(planner) by extension 'python_setup_py'
[0.245s] Level 1:colcon.colcon_core.package_identification:_identify(planner/global_planner) by extensions ['ignore', 'ignore_ament_install']
[0.245s] Level 1:colcon.colcon_core.package_identification:_identify(planner/global_planner) by extension 'ignore'
[0.245s] Level 1:colcon.colcon_core.package_identification:_identify(planner/global_planner) by extension 'ignore_ament_install'
[0.245s] Level 1:colcon.colcon_core.package_identification:_identify(planner/global_planner) by extensions ['colcon_pkg']
[0.245s] Level 1:colcon.colcon_core.package_identification:_identify(planner/global_planner) by extension 'colcon_pkg'
[0.246s] Level 1:colcon.colcon_core.package_identification:_identify(planner/global_planner) by extensions ['colcon_meta']
[0.246s] Level 1:colcon.colcon_core.package_identification:_identify(planner/global_planner) by extension 'colcon_meta'
[0.246s] Level 1:colcon.colcon_core.package_identification:_identify(planner/global_planner) by extensions ['ros']
[0.246s] Level 1:colcon.colcon_core.package_identification:_identify(planner/global_planner) by extension 'ros'
[0.246s] DEBUG:colcon.colcon_core.package_identification:Package 'planner/global_planner' with type 'ros.ament_python' and name 'global_planner'
[0.246s] Level 1:colcon.colcon_core.package_identification:_identify(planner/local_planners) by extensions ['ignore', 'ignore_ament_install']
[0.246s] Level 1:colcon.colcon_core.package_identification:_identify(planner/local_planners) by extension 'ignore'
[0.246s] Level 1:colcon.colcon_core.package_identification:_identify(planner/local_planners) by extension 'ignore_ament_install'
[0.246s] Level 1:colcon.colcon_core.package_identification:_identify(planner/local_planners) by extensions ['colcon_pkg']
[0.246s] Level 1:colcon.colcon_core.package_identification:_identify(planner/local_planners) by extension 'colcon_pkg'
[0.246s] Level 1:colcon.colcon_core.package_identification:_identify(planner/local_planners) by extensions ['colcon_meta']
[0.246s] Level 1:colcon.colcon_core.package_identification:_identify(planner/local_planners) by extension 'colcon_meta'
[0.246s] Level 1:colcon.colcon_core.package_identification:_identify(planner/local_planners) by extensions ['ros']
[0.246s] Level 1:colcon.colcon_core.package_identification:_identify(planner/local_planners) by extension 'ros'
[0.246s] Level 1:colcon.colcon_core.package_identification:_identify(planner/local_planners) by extensions ['cmake', 'python']
[0.246s] Level 1:colcon.colcon_core.package_identification:_identify(planner/local_planners) by extension 'cmake'
[0.246s] Level 1:colcon.colcon_core.package_identification:_identify(planner/local_planners) by extension 'python'
[0.246s] Level 1:colcon.colcon_core.package_identification:_identify(planner/local_planners) by extensions ['python_setup_py']
[0.246s] Level 1:colcon.colcon_core.package_identification:_identify(planner/local_planners) by extension 'python_setup_py'
[0.246s] Level 1:colcon.colcon_core.package_identification:_identify(planner/local_planners/spline_planner) by extensions ['ignore', 'ignore_ament_install']
[0.246s] Level 1:colcon.colcon_core.package_identification:_identify(planner/local_planners/spline_planner) by extension 'ignore'
[0.246s] Level 1:colcon.colcon_core.package_identification:_identify(planner/local_planners/spline_planner) by extension 'ignore_ament_install'
[0.246s] Level 1:colcon.colcon_core.package_identification:_identify(planner/local_planners/spline_planner) by extensions ['colcon_pkg']
[0.246s] Level 1:colcon.colcon_core.package_identification:_identify(planner/local_planners/spline_planner) by extension 'colcon_pkg'
[0.246s] Level 1:colcon.colcon_core.package_identification:_identify(planner/local_planners/spline_planner) by extensions ['colcon_meta']
[0.246s] Level 1:colcon.colcon_core.package_identification:_identify(planner/local_planners/spline_planner) by extension 'colcon_meta'
[0.246s] Level 1:colcon.colcon_core.package_identification:_identify(planner/local_planners/spline_planner) by extensions ['ros']
[0.246s] Level 1:colcon.colcon_core.package_identification:_identify(planner/local_planners/spline_planner) by extension 'ros'
[0.247s] DEBUG:colcon.colcon_core.package_identification:Package 'planner/local_planners/spline_planner' with type 'ros.ament_python' and name 'spline_planner'
[0.247s] Level 1:colcon.colcon_core.package_identification:_identify(planner/misc) by extensions ['ignore', 'ignore_ament_install']
[0.247s] Level 1:colcon.colcon_core.package_identification:_identify(planner/misc) by extension 'ignore'
[0.247s] Level 1:colcon.colcon_core.package_identification:_identify(planner/misc) by extension 'ignore_ament_install'
[0.247s] Level 1:colcon.colcon_core.package_identification:_identify(planner/misc) by extensions ['colcon_pkg']
[0.247s] Level 1:colcon.colcon_core.package_identification:_identify(planner/misc) by extension 'colcon_pkg'
[0.247s] Level 1:colcon.colcon_core.package_identification:_identify(planner/misc) by extensions ['colcon_meta']
[0.247s] Level 1:colcon.colcon_core.package_identification:_identify(planner/misc) by extension 'colcon_meta'
[0.247s] Level 1:colcon.colcon_core.package_identification:_identify(planner/misc) by extensions ['ros']
[0.247s] Level 1:colcon.colcon_core.package_identification:_identify(planner/misc) by extension 'ros'
[0.247s] Level 1:colcon.colcon_core.package_identification:_identify(planner/misc) by extensions ['cmake', 'python']
[0.247s] Level 1:colcon.colcon_core.package_identification:_identify(planner/misc) by extension 'cmake'
[0.247s] Level 1:colcon.colcon_core.package_identification:_identify(planner/misc) by extension 'python'
[0.247s] Level 1:colcon.colcon_core.package_identification:_identify(planner/misc) by extensions ['python_setup_py']
[0.247s] Level 1:colcon.colcon_core.package_identification:_identify(planner/misc) by extension 'python_setup_py'
[0.247s] Level 1:colcon.colcon_core.package_identification:_identify(sensors) by extensions ['ignore', 'ignore_ament_install']
[0.247s] Level 1:colcon.colcon_core.package_identification:_identify(sensors) by extension 'ignore'
[0.247s] Level 1:colcon.colcon_core.package_identification:_identify(sensors) by extension 'ignore_ament_install'
[0.247s] Level 1:colcon.colcon_core.package_identification:_identify(sensors) by extensions ['colcon_pkg']
[0.247s] Level 1:colcon.colcon_core.package_identification:_identify(sensors) by extension 'colcon_pkg'
[0.247s] Level 1:colcon.colcon_core.package_identification:_identify(sensors) by extensions ['colcon_meta']
[0.247s] Level 1:colcon.colcon_core.package_identification:_identify(sensors) by extension 'colcon_meta'
[0.247s] Level 1:colcon.colcon_core.package_identification:_identify(sensors) by extensions ['ros']
[0.247s] Level 1:colcon.colcon_core.package_identification:_identify(sensors) by extension 'ros'
[0.247s] Level 1:colcon.colcon_core.package_identification:_identify(sensors) by extensions ['cmake', 'python']
[0.247s] Level 1:colcon.colcon_core.package_identification:_identify(sensors) by extension 'cmake'
[0.247s] Level 1:colcon.colcon_core.package_identification:_identify(sensors) by extension 'python'
[0.247s] Level 1:colcon.colcon_core.package_identification:_identify(sensors) by extensions ['python_setup_py']
[0.247s] Level 1:colcon.colcon_core.package_identification:_identify(sensors) by extension 'python_setup_py'
[0.247s] Level 1:colcon.colcon_core.package_identification:_identify(sensors/vesc) by extensions ['ignore', 'ignore_ament_install']
[0.247s] Level 1:colcon.colcon_core.package_identification:_identify(sensors/vesc) by extension 'ignore'
[0.247s] Level 1:colcon.colcon_core.package_identification:_identify(sensors/vesc) by extension 'ignore_ament_install'
[0.247s] Level 1:colcon.colcon_core.package_identification:_identify(sensors/vesc) by extensions ['colcon_pkg']
[0.247s] Level 1:colcon.colcon_core.package_identification:_identify(sensors/vesc) by extension 'colcon_pkg'
[0.247s] Level 1:colcon.colcon_core.package_identification:_identify(sensors/vesc) by extensions ['colcon_meta']
[0.247s] Level 1:colcon.colcon_core.package_identification:_identify(sensors/vesc) by extension 'colcon_meta'
[0.247s] Level 1:colcon.colcon_core.package_identification:_identify(sensors/vesc) by extensions ['ros']
[0.247s] Level 1:colcon.colcon_core.package_identification:_identify(sensors/vesc) by extension 'ros'
[0.247s] Level 1:colcon.colcon_core.package_identification:_identify(sensors/vesc) by extensions ['cmake', 'python']
[0.247s] Level 1:colcon.colcon_core.package_identification:_identify(sensors/vesc) by extension 'cmake'
[0.247s] Level 1:colcon.colcon_core.package_identification:_identify(sensors/vesc) by extension 'python'
[0.247s] Level 1:colcon.colcon_core.package_identification:_identify(sensors/vesc) by extensions ['python_setup_py']
[0.247s] Level 1:colcon.colcon_core.package_identification:_identify(sensors/vesc) by extension 'python_setup_py'
[0.247s] Level 1:colcon.colcon_core.package_identification:_identify(sensors/vesc/vesc) by extensions ['ignore', 'ignore_ament_install']
[0.247s] Level 1:colcon.colcon_core.package_identification:_identify(sensors/vesc/vesc) by extension 'ignore'
[0.247s] Level 1:colcon.colcon_core.package_identification:_identify(sensors/vesc/vesc) by extension 'ignore_ament_install'
[0.248s] Level 1:colcon.colcon_core.package_identification:_identify(sensors/vesc/vesc) by extensions ['colcon_pkg']
[0.248s] Level 1:colcon.colcon_core.package_identification:_identify(sensors/vesc/vesc) by extension 'colcon_pkg'
[0.248s] Level 1:colcon.colcon_core.package_identification:_identify(sensors/vesc/vesc) by extensions ['colcon_meta']
[0.248s] Level 1:colcon.colcon_core.package_identification:_identify(sensors/vesc/vesc) by extension 'colcon_meta'
[0.248s] Level 1:colcon.colcon_core.package_identification:_identify(sensors/vesc/vesc) by extensions ['ros']
[0.248s] Level 1:colcon.colcon_core.package_identification:_identify(sensors/vesc/vesc) by extension 'ros'
[0.248s] DEBUG:colcon.colcon_core.package_identification:Package 'sensors/vesc/vesc' with type 'ros.ament_cmake' and name 'vesc'
[0.248s] Level 1:colcon.colcon_core.package_identification:_identify(sensors/vesc/vesc_ackermann) by extensions ['ignore', 'ignore_ament_install']
[0.248s] Level 1:colcon.colcon_core.package_identification:_identify(sensors/vesc/vesc_ackermann) by extension 'ignore'
[0.248s] Level 1:colcon.colcon_core.package_identification:_identify(sensors/vesc/vesc_ackermann) by extension 'ignore_ament_install'
[0.248s] Level 1:colcon.colcon_core.package_identification:_identify(sensors/vesc/vesc_ackermann) by extensions ['colcon_pkg']
[0.248s] Level 1:colcon.colcon_core.package_identification:_identify(sensors/vesc/vesc_ackermann) by extension 'colcon_pkg'
[0.248s] Level 1:colcon.colcon_core.package_identification:_identify(sensors/vesc/vesc_ackermann) by extensions ['colcon_meta']
[0.248s] Level 1:colcon.colcon_core.package_identification:_identify(sensors/vesc/vesc_ackermann) by extension 'colcon_meta'
[0.248s] Level 1:colcon.colcon_core.package_identification:_identify(sensors/vesc/vesc_ackermann) by extensions ['ros']
[0.248s] Level 1:colcon.colcon_core.package_identification:_identify(sensors/vesc/vesc_ackermann) by extension 'ros'
[0.249s] DEBUG:colcon.colcon_core.package_identification:Package 'sensors/vesc/vesc_ackermann' with type 'ros.ament_cmake' and name 'vesc_ackermann'
[0.249s] Level 1:colcon.colcon_core.package_identification:_identify(sensors/vesc/vesc_driver) by extensions ['ignore', 'ignore_ament_install']
[0.249s] Level 1:colcon.colcon_core.package_identification:_identify(sensors/vesc/vesc_driver) by extension 'ignore'
[0.249s] Level 1:colcon.colcon_core.package_identification:_identify(sensors/vesc/vesc_driver) by extension 'ignore_ament_install'
[0.249s] Level 1:colcon.colcon_core.package_identification:_identify(sensors/vesc/vesc_driver) by extensions ['colcon_pkg']
[0.249s] Level 1:colcon.colcon_core.package_identification:_identify(sensors/vesc/vesc_driver) by extension 'colcon_pkg'
[0.249s] Level 1:colcon.colcon_core.package_identification:_identify(sensors/vesc/vesc_driver) by extensions ['colcon_meta']
[0.249s] Level 1:colcon.colcon_core.package_identification:_identify(sensors/vesc/vesc_driver) by extension 'colcon_meta'
[0.249s] Level 1:colcon.colcon_core.package_identification:_identify(sensors/vesc/vesc_driver) by extensions ['ros']
[0.249s] Level 1:colcon.colcon_core.package_identification:_identify(sensors/vesc/vesc_driver) by extension 'ros'
[0.249s] DEBUG:colcon.colcon_core.package_identification:Package 'sensors/vesc/vesc_driver' with type 'ros.ament_cmake' and name 'vesc_driver'
[0.249s] Level 1:colcon.colcon_core.package_identification:_identify(sensors/vesc/vesc_msgs) by extensions ['ignore', 'ignore_ament_install']
[0.249s] Level 1:colcon.colcon_core.package_identification:_identify(sensors/vesc/vesc_msgs) by extension 'ignore'
[0.249s] Level 1:colcon.colcon_core.package_identification:_identify(sensors/vesc/vesc_msgs) by extension 'ignore_ament_install'
[0.249s] Level 1:colcon.colcon_core.package_identification:_identify(sensors/vesc/vesc_msgs) by extensions ['colcon_pkg']
[0.249s] Level 1:colcon.colcon_core.package_identification:_identify(sensors/vesc/vesc_msgs) by extension 'colcon_pkg'
[0.249s] Level 1:colcon.colcon_core.package_identification:_identify(sensors/vesc/vesc_msgs) by extensions ['colcon_meta']
[0.249s] Level 1:colcon.colcon_core.package_identification:_identify(sensors/vesc/vesc_msgs) by extension 'colcon_meta'
[0.249s] Level 1:colcon.colcon_core.package_identification:_identify(sensors/vesc/vesc_msgs) by extensions ['ros']
[0.249s] Level 1:colcon.colcon_core.package_identification:_identify(sensors/vesc/vesc_msgs) by extension 'ros'
[0.250s] DEBUG:colcon.colcon_core.package_identification:Package 'sensors/vesc/vesc_msgs' with type 'ros.ament_cmake' and name 'vesc_msgs'
[0.250s] Level 1:colcon.colcon_core.package_identification:_identify(stack_master) by extensions ['ignore', 'ignore_ament_install']
[0.250s] Level 1:colcon.colcon_core.package_identification:_identify(stack_master) by extension 'ignore'
[0.250s] Level 1:colcon.colcon_core.package_identification:_identify(stack_master) by extension 'ignore_ament_install'
[0.250s] Level 1:colcon.colcon_core.package_identification:_identify(stack_master) by extensions ['colcon_pkg']
[0.250s] Level 1:colcon.colcon_core.package_identification:_identify(stack_master) by extension 'colcon_pkg'
[0.250s] Level 1:colcon.colcon_core.package_identification:_identify(stack_master) by extensions ['colcon_meta']
[0.250s] Level 1:colcon.colcon_core.package_identification:_identify(stack_master) by extension 'colcon_meta'
[0.250s] Level 1:colcon.colcon_core.package_identification:_identify(stack_master) by extensions ['ros']
[0.250s] Level 1:colcon.colcon_core.package_identification:_identify(stack_master) by extension 'ros'
[0.251s] DEBUG:colcon.colcon_core.package_identification:Package 'stack_master' with type 'ros.ament_python' and name 'stack_master'
[0.251s] Level 1:colcon.colcon_core.package_identification:_identify(state_estimation) by extensions ['ignore', 'ignore_ament_install']
[0.251s] Level 1:colcon.colcon_core.package_identification:_identify(state_estimation) by extension 'ignore'
[0.251s] Level 1:colcon.colcon_core.package_identification:_identify(state_estimation) by extension 'ignore_ament_install'
[0.251s] Level 1:colcon.colcon_core.package_identification:_identify(state_estimation) by extensions ['colcon_pkg']
[0.251s] Level 1:colcon.colcon_core.package_identification:_identify(state_estimation) by extension 'colcon_pkg'
[0.251s] Level 1:colcon.colcon_core.package_identification:_identify(state_estimation) by extensions ['colcon_meta']
[0.251s] Level 1:colcon.colcon_core.package_identification:_identify(state_estimation) by extension 'colcon_meta'
[0.251s] Level 1:colcon.colcon_core.package_identification:_identify(state_estimation) by extensions ['ros']
[0.251s] Level 1:colcon.colcon_core.package_identification:_identify(state_estimation) by extension 'ros'
[0.251s] DEBUG:colcon.colcon_core.package_identification:Package 'state_estimation' with type 'ros.ament_python' and name 'state_estimation'
[0.251s] Level 1:colcon.colcon_core.package_identification:_identify(state_machine) by extensions ['ignore', 'ignore_ament_install']
[0.251s] Level 1:colcon.colcon_core.package_identification:_identify(state_machine) by extension 'ignore'
[0.251s] Level 1:colcon.colcon_core.package_identification:_identify(state_machine) by extension 'ignore_ament_install'
[0.251s] Level 1:colcon.colcon_core.package_identification:_identify(state_machine) by extensions ['colcon_pkg']
[0.251s] Level 1:colcon.colcon_core.package_identification:_identify(state_machine) by extension 'colcon_pkg'
[0.251s] Level 1:colcon.colcon_core.package_identification:_identify(state_machine) by extensions ['colcon_meta']
[0.251s] Level 1:colcon.colcon_core.package_identification:_identify(state_machine) by extension 'colcon_meta'
[0.251s] Level 1:colcon.colcon_core.package_identification:_identify(state_machine) by extensions ['ros']
[0.251s] Level 1:colcon.colcon_core.package_identification:_identify(state_machine) by extension 'ros'
[0.252s] DEBUG:colcon.colcon_core.package_identification:Package 'state_machine' with type 'ros.ament_python' and name 'state_machine'
[0.252s] Level 1:colcon.colcon_core.package_identification:_identify(system_identification) by extensions ['ignore', 'ignore_ament_install']
[0.252s] Level 1:colcon.colcon_core.package_identification:_identify(system_identification) by extension 'ignore'
[0.252s] Level 1:colcon.colcon_core.package_identification:_identify(system_identification) by extension 'ignore_ament_install'
[0.252s] Level 1:colcon.colcon_core.package_identification:_identify(system_identification) by extensions ['colcon_pkg']
[0.252s] Level 1:colcon.colcon_core.package_identification:_identify(system_identification) by extension 'colcon_pkg'
[0.252s] Level 1:colcon.colcon_core.package_identification:_identify(system_identification) by extensions ['colcon_meta']
[0.252s] Level 1:colcon.colcon_core.package_identification:_identify(system_identification) by extension 'colcon_meta'
[0.252s] Level 1:colcon.colcon_core.package_identification:_identify(system_identification) by extensions ['ros']
[0.252s] Level 1:colcon.colcon_core.package_identification:_identify(system_identification) by extension 'ros'
[0.252s] Level 1:colcon.colcon_core.package_identification:_identify(system_identification) by extensions ['cmake', 'python']
[0.252s] Level 1:colcon.colcon_core.package_identification:_identify(system_identification) by extension 'cmake'
[0.252s] Level 1:colcon.colcon_core.package_identification:_identify(system_identification) by extension 'python'
[0.252s] Level 1:colcon.colcon_core.package_identification:_identify(system_identification) by extensions ['python_setup_py']
[0.252s] Level 1:colcon.colcon_core.package_identification:_identify(system_identification) by extension 'python_setup_py'
[0.252s] Level 1:colcon.colcon_core.package_identification:_identify(system_identification/nodes) by extensions ['ignore', 'ignore_ament_install']
[0.252s] Level 1:colcon.colcon_core.package_identification:_identify(system_identification/nodes) by extension 'ignore'
[0.252s] Level 1:colcon.colcon_core.package_identification:_identify(system_identification/nodes) by extension 'ignore_ament_install'
[0.252s] Level 1:colcon.colcon_core.package_identification:_identify(system_identification/nodes) by extensions ['colcon_pkg']
[0.252s] Level 1:colcon.colcon_core.package_identification:_identify(system_identification/nodes) by extension 'colcon_pkg'
[0.252s] Level 1:colcon.colcon_core.package_identification:_identify(system_identification/nodes) by extensions ['colcon_meta']
[0.252s] Level 1:colcon.colcon_core.package_identification:_identify(system_identification/nodes) by extension 'colcon_meta'
[0.252s] Level 1:colcon.colcon_core.package_identification:_identify(system_identification/nodes) by extensions ['ros']
[0.252s] Level 1:colcon.colcon_core.package_identification:_identify(system_identification/nodes) by extension 'ros'
[0.252s] Level 1:colcon.colcon_core.package_identification:_identify(system_identification/nodes) by extensions ['cmake', 'python']
[0.252s] Level 1:colcon.colcon_core.package_identification:_identify(system_identification/nodes) by extension 'cmake'
[0.252s] Level 1:colcon.colcon_core.package_identification:_identify(system_identification/nodes) by extension 'python'
[0.252s] Level 1:colcon.colcon_core.package_identification:_identify(system_identification/nodes) by extensions ['python_setup_py']
[0.252s] Level 1:colcon.colcon_core.package_identification:_identify(system_identification/nodes) by extension 'python_setup_py'
[0.252s] Level 1:colcon.colcon_core.package_identification:_identify(system_identification/nodes/id_controller) by extensions ['ignore', 'ignore_ament_install']
[0.252s] Level 1:colcon.colcon_core.package_identification:_identify(system_identification/nodes/id_controller) by extension 'ignore'
[0.252s] Level 1:colcon.colcon_core.package_identification:_identify(system_identification/nodes/id_controller) by extension 'ignore_ament_install'
[0.252s] Level 1:colcon.colcon_core.package_identification:_identify(system_identification/nodes/id_controller) by extensions ['colcon_pkg']
[0.252s] Level 1:colcon.colcon_core.package_identification:_identify(system_identification/nodes/id_controller) by extension 'colcon_pkg'
[0.252s] Level 1:colcon.colcon_core.package_identification:_identify(system_identification/nodes/id_controller) by extensions ['colcon_meta']
[0.252s] Level 1:colcon.colcon_core.package_identification:_identify(system_identification/nodes/id_controller) by extension 'colcon_meta'
[0.252s] Level 1:colcon.colcon_core.package_identification:_identify(system_identification/nodes/id_controller) by extensions ['ros']
[0.252s] Level 1:colcon.colcon_core.package_identification:_identify(system_identification/nodes/id_controller) by extension 'ros'
[0.253s] DEBUG:colcon.colcon_core.package_identification:Package 'system_identification/nodes/id_controller' with type 'ros.ament_python' and name 'id_controller'
[0.253s] Level 1:colcon.colcon_core.package_identification:_identify(system_identification/scripts) by extensions ['ignore', 'ignore_ament_install']
[0.253s] Level 1:colcon.colcon_core.package_identification:_identify(system_identification/scripts) by extension 'ignore'
[0.253s] Level 1:colcon.colcon_core.package_identification:_identify(system_identification/scripts) by extension 'ignore_ament_install'
[0.253s] Level 1:colcon.colcon_core.package_identification:_identify(system_identification/scripts) by extensions ['colcon_pkg']
[0.253s] Level 1:colcon.colcon_core.package_identification:_identify(system_identification/scripts) by extension 'colcon_pkg'
[0.253s] Level 1:colcon.colcon_core.package_identification:_identify(system_identification/scripts) by extensions ['colcon_meta']
[0.253s] Level 1:colcon.colcon_core.package_identification:_identify(system_identification/scripts) by extension 'colcon_meta'
[0.253s] Level 1:colcon.colcon_core.package_identification:_identify(system_identification/scripts) by extensions ['ros']
[0.253s] Level 1:colcon.colcon_core.package_identification:_identify(system_identification/scripts) by extension 'ros'
[0.253s] Level 1:colcon.colcon_core.package_identification:_identify(system_identification/scripts) by extensions ['cmake', 'python']
[0.253s] Level 1:colcon.colcon_core.package_identification:_identify(system_identification/scripts) by extension 'cmake'
[0.253s] Level 1:colcon.colcon_core.package_identification:_identify(system_identification/scripts) by extension 'python'
[0.253s] Level 1:colcon.colcon_core.package_identification:_identify(system_identification/scripts) by extensions ['python_setup_py']
[0.253s] Level 1:colcon.colcon_core.package_identification:_identify(system_identification/scripts) by extension 'python_setup_py'
[0.253s] Level 1:colcon.colcon_core.package_identification:_identify(system_identification/steering_lookup) by extensions ['ignore', 'ignore_ament_install']
[0.253s] Level 1:colcon.colcon_core.package_identification:_identify(system_identification/steering_lookup) by extension 'ignore'
[0.253s] Level 1:colcon.colcon_core.package_identification:_identify(system_identification/steering_lookup) by extension 'ignore_ament_install'
[0.253s] Level 1:colcon.colcon_core.package_identification:_identify(system_identification/steering_lookup) by extensions ['colcon_pkg']
[0.253s] Level 1:colcon.colcon_core.package_identification:_identify(system_identification/steering_lookup) by extension 'colcon_pkg'
[0.253s] Level 1:colcon.colcon_core.package_identification:_identify(system_identification/steering_lookup) by extensions ['colcon_meta']
[0.253s] Level 1:colcon.colcon_core.package_identification:_identify(system_identification/steering_lookup) by extension 'colcon_meta'
[0.253s] Level 1:colcon.colcon_core.package_identification:_identify(system_identification/steering_lookup) by extensions ['ros']
[0.253s] Level 1:colcon.colcon_core.package_identification:_identify(system_identification/steering_lookup) by extension 'ros'
[0.253s] DEBUG:colcon.colcon_core.package_identification:Package 'system_identification/steering_lookup' with type 'ros.ament_python' and name 'steering_lookup'
[0.253s] Level 1:colcon.colcon_core.package_identification:_identify(utilities) by extensions ['ignore', 'ignore_ament_install']
[0.253s] Level 1:colcon.colcon_core.package_identification:_identify(utilities) by extension 'ignore'
[0.253s] Level 1:colcon.colcon_core.package_identification:_identify(utilities) by extension 'ignore_ament_install'
[0.254s] Level 1:colcon.colcon_core.package_identification:_identify(utilities) by extensions ['colcon_pkg']
[0.254s] Level 1:colcon.colcon_core.package_identification:_identify(utilities) by extension 'colcon_pkg'
[0.254s] Level 1:colcon.colcon_core.package_identification:_identify(utilities) by extensions ['colcon_meta']
[0.254s] Level 1:colcon.colcon_core.package_identification:_identify(utilities) by extension 'colcon_meta'
[0.254s] Level 1:colcon.colcon_core.package_identification:_identify(utilities) by extensions ['ros']
[0.254s] Level 1:colcon.colcon_core.package_identification:_identify(utilities) by extension 'ros'
[0.254s] Level 1:colcon.colcon_core.package_identification:_identify(utilities) by extensions ['cmake', 'python']
[0.254s] Level 1:colcon.colcon_core.package_identification:_identify(utilities) by extension 'cmake'
[0.254s] Level 1:colcon.colcon_core.package_identification:_identify(utilities) by extension 'python'
[0.254s] Level 1:colcon.colcon_core.package_identification:_identify(utilities) by extensions ['python_setup_py']
[0.254s] Level 1:colcon.colcon_core.package_identification:_identify(utilities) by extension 'python_setup_py'
[0.254s] Level 1:colcon.colcon_core.package_identification:_identify(utilities/libraries) by extensions ['ignore', 'ignore_ament_install']
[0.254s] Level 1:colcon.colcon_core.package_identification:_identify(utilities/libraries) by extension 'ignore'
[0.254s] Level 1:colcon.colcon_core.package_identification:_identify(utilities/libraries) by extension 'ignore_ament_install'
[0.254s] Level 1:colcon.colcon_core.package_identification:_identify(utilities/libraries) by extensions ['colcon_pkg']
[0.254s] Level 1:colcon.colcon_core.package_identification:_identify(utilities/libraries) by extension 'colcon_pkg'
[0.254s] Level 1:colcon.colcon_core.package_identification:_identify(utilities/libraries) by extensions ['colcon_meta']
[0.254s] Level 1:colcon.colcon_core.package_identification:_identify(utilities/libraries) by extension 'colcon_meta'
[0.254s] Level 1:colcon.colcon_core.package_identification:_identify(utilities/libraries) by extensions ['ros']
[0.254s] Level 1:colcon.colcon_core.package_identification:_identify(utilities/libraries) by extension 'ros'
[0.254s] Level 1:colcon.colcon_core.package_identification:_identify(utilities/libraries) by extensions ['cmake', 'python']
[0.254s] Level 1:colcon.colcon_core.package_identification:_identify(utilities/libraries) by extension 'cmake'
[0.254s] Level 1:colcon.colcon_core.package_identification:_identify(utilities/libraries) by extension 'python'
[0.254s] Level 1:colcon.colcon_core.package_identification:_identify(utilities/libraries) by extensions ['python_setup_py']
[0.254s] Level 1:colcon.colcon_core.package_identification:_identify(utilities/libraries) by extension 'python_setup_py'
[0.254s] Level 1:colcon.colcon_core.package_identification:_identify(utilities/libraries/f110_msgs) by extensions ['ignore', 'ignore_ament_install']
[0.254s] Level 1:colcon.colcon_core.package_identification:_identify(utilities/libraries/f110_msgs) by extension 'ignore'
[0.254s] Level 1:colcon.colcon_core.package_identification:_identify(utilities/libraries/f110_msgs) by extension 'ignore_ament_install'
[0.254s] Level 1:colcon.colcon_core.package_identification:_identify(utilities/libraries/f110_msgs) by extensions ['colcon_pkg']
[0.254s] Level 1:colcon.colcon_core.package_identification:_identify(utilities/libraries/f110_msgs) by extension 'colcon_pkg'
[0.254s] Level 1:colcon.colcon_core.package_identification:_identify(utilities/libraries/f110_msgs) by extensions ['colcon_meta']
[0.254s] Level 1:colcon.colcon_core.package_identification:_identify(utilities/libraries/f110_msgs) by extension 'colcon_meta'
[0.254s] Level 1:colcon.colcon_core.package_identification:_identify(utilities/libraries/f110_msgs) by extensions ['ros']
[0.254s] Level 1:colcon.colcon_core.package_identification:_identify(utilities/libraries/f110_msgs) by extension 'ros'
[0.254s] DEBUG:colcon.colcon_core.package_identification:Package 'utilities/libraries/f110_msgs' with type 'ros.ament_cmake' and name 'f110_msgs'
[0.254s] Level 1:colcon.colcon_core.package_identification:_identify(utilities/libraries/frenet_conversion) by extensions ['ignore', 'ignore_ament_install']
[0.255s] Level 1:colcon.colcon_core.package_identification:_identify(utilities/libraries/frenet_conversion) by extension 'ignore'
[0.255s] Level 1:colcon.colcon_core.package_identification:_identify(utilities/libraries/frenet_conversion) by extension 'ignore_ament_install'
[0.255s] Level 1:colcon.colcon_core.package_identification:_identify(utilities/libraries/frenet_conversion) by extensions ['colcon_pkg']
[0.255s] Level 1:colcon.colcon_core.package_identification:_identify(utilities/libraries/frenet_conversion) by extension 'colcon_pkg'
[0.255s] Level 1:colcon.colcon_core.package_identification:_identify(utilities/libraries/frenet_conversion) by extensions ['colcon_meta']
[0.255s] Level 1:colcon.colcon_core.package_identification:_identify(utilities/libraries/frenet_conversion) by extension 'colcon_meta'
[0.255s] Level 1:colcon.colcon_core.package_identification:_identify(utilities/libraries/frenet_conversion) by extensions ['ros']
[0.255s] Level 1:colcon.colcon_core.package_identification:_identify(utilities/libraries/frenet_conversion) by extension 'ros'
[0.255s] DEBUG:colcon.colcon_core.package_identification:Package 'utilities/libraries/frenet_conversion' with type 'ros.ament_python' and name 'frenet_conversion'
[0.255s] Level 1:colcon.colcon_core.package_identification:_identify(utilities/nodes) by extensions ['ignore', 'ignore_ament_install']
[0.255s] Level 1:colcon.colcon_core.package_identification:_identify(utilities/nodes) by extension 'ignore'
[0.255s] Level 1:colcon.colcon_core.package_identification:_identify(utilities/nodes) by extension 'ignore_ament_install'
[0.255s] Level 1:colcon.colcon_core.package_identification:_identify(utilities/nodes) by extensions ['colcon_pkg']
[0.255s] Level 1:colcon.colcon_core.package_identification:_identify(utilities/nodes) by extension 'colcon_pkg'
[0.255s] Level 1:colcon.colcon_core.package_identification:_identify(utilities/nodes) by extensions ['colcon_meta']
[0.255s] Level 1:colcon.colcon_core.package_identification:_identify(utilities/nodes) by extension 'colcon_meta'
[0.255s] Level 1:colcon.colcon_core.package_identification:_identify(utilities/nodes) by extensions ['ros']
[0.255s] Level 1:colcon.colcon_core.package_identification:_identify(utilities/nodes) by extension 'ros'
[0.255s] Level 1:colcon.colcon_core.package_identification:_identify(utilities/nodes) by extensions ['cmake', 'python']
[0.255s] Level 1:colcon.colcon_core.package_identification:_identify(utilities/nodes) by extension 'cmake'
[0.255s] Level 1:colcon.colcon_core.package_identification:_identify(utilities/nodes) by extension 'python'
[0.255s] Level 1:colcon.colcon_core.package_identification:_identify(utilities/nodes) by extensions ['python_setup_py']
[0.255s] Level 1:colcon.colcon_core.package_identification:_identify(utilities/nodes) by extension 'python_setup_py'
[0.255s] Level 1:colcon.colcon_core.package_identification:_identify(utilities/nodes/frenet_odom_republisher) by extensions ['ignore', 'ignore_ament_install']
[0.255s] Level 1:colcon.colcon_core.package_identification:_identify(utilities/nodes/frenet_odom_republisher) by extension 'ignore'
[0.255s] Level 1:colcon.colcon_core.package_identification:_identify(utilities/nodes/frenet_odom_republisher) by extension 'ignore_ament_install'
[0.255s] Level 1:colcon.colcon_core.package_identification:_identify(utilities/nodes/frenet_odom_republisher) by extensions ['colcon_pkg']
[0.255s] Level 1:colcon.colcon_core.package_identification:_identify(utilities/nodes/frenet_odom_republisher) by extension 'colcon_pkg'
[0.255s] Level 1:colcon.colcon_core.package_identification:_identify(utilities/nodes/frenet_odom_republisher) by extensions ['colcon_meta']
[0.255s] Level 1:colcon.colcon_core.package_identification:_identify(utilities/nodes/frenet_odom_republisher) by extension 'colcon_meta'
[0.255s] Level 1:colcon.colcon_core.package_identification:_identify(utilities/nodes/frenet_odom_republisher) by extensions ['ros']
[0.255s] Level 1:colcon.colcon_core.package_identification:_identify(utilities/nodes/frenet_odom_republisher) by extension 'ros'
[0.256s] DEBUG:colcon.colcon_core.package_identification:Package 'utilities/nodes/frenet_odom_republisher' with type 'ros.ament_python' and name 'frenet_odom_republisher'
[0.256s] Level 1:colcon.colcon_core.package_identification:_identify(utilities/nodes/lap_analyser) by extensions ['ignore', 'ignore_ament_install']
[0.256s] Level 1:colcon.colcon_core.package_identification:_identify(utilities/nodes/lap_analyser) by extension 'ignore'
[0.256s] Level 1:colcon.colcon_core.package_identification:_identify(utilities/nodes/lap_analyser) by extension 'ignore_ament_install'
[0.256s] Level 1:colcon.colcon_core.package_identification:_identify(utilities/nodes/lap_analyser) by extensions ['colcon_pkg']
[0.256s] Level 1:colcon.colcon_core.package_identification:_identify(utilities/nodes/lap_analyser) by extension 'colcon_pkg'
[0.256s] Level 1:colcon.colcon_core.package_identification:_identify(utilities/nodes/lap_analyser) by extensions ['colcon_meta']
[0.256s] Level 1:colcon.colcon_core.package_identification:_identify(utilities/nodes/lap_analyser) by extension 'colcon_meta'
[0.256s] Level 1:colcon.colcon_core.package_identification:_identify(utilities/nodes/lap_analyser) by extensions ['ros']
[0.256s] Level 1:colcon.colcon_core.package_identification:_identify(utilities/nodes/lap_analyser) by extension 'ros'
[0.256s] DEBUG:colcon.colcon_core.package_identification:Package 'utilities/nodes/lap_analyser' with type 'ros.ament_python' and name 'lap_analyser'
[0.256s] Level 1:colcon.colcon_core.package_identification:_identify(utilities/nodes/map_editor) by extensions ['ignore', 'ignore_ament_install']
[0.256s] Level 1:colcon.colcon_core.package_identification:_identify(utilities/nodes/map_editor) by extension 'ignore'
[0.256s] Level 1:colcon.colcon_core.package_identification:_identify(utilities/nodes/map_editor) by extension 'ignore_ament_install'
[0.256s] Level 1:colcon.colcon_core.package_identification:_identify(utilities/nodes/map_editor) by extensions ['colcon_pkg']
[0.256s] Level 1:colcon.colcon_core.package_identification:_identify(utilities/nodes/map_editor) by extension 'colcon_pkg'
[0.256s] Level 1:colcon.colcon_core.package_identification:_identify(utilities/nodes/map_editor) by extensions ['colcon_meta']
[0.256s] Level 1:colcon.colcon_core.package_identification:_identify(utilities/nodes/map_editor) by extension 'colcon_meta'
[0.256s] Level 1:colcon.colcon_core.package_identification:_identify(utilities/nodes/map_editor) by extensions ['ros']
[0.256s] Level 1:colcon.colcon_core.package_identification:_identify(utilities/nodes/map_editor) by extension 'ros'
[0.257s] DEBUG:colcon.colcon_core.package_identification:Package 'utilities/nodes/map_editor' with type 'ros.ament_python' and name 'map_editor'
[0.257s] Level 1:colcon.colcon_core.package_identification:_identify(utilities/nodes/opponent_publisher) by extensions ['ignore', 'ignore_ament_install']
[0.257s] Level 1:colcon.colcon_core.package_identification:_identify(utilities/nodes/opponent_publisher) by extension 'ignore'
[0.257s] Level 1:colcon.colcon_core.package_identification:_identify(utilities/nodes/opponent_publisher) by extension 'ignore_ament_install'
[0.257s] Level 1:colcon.colcon_core.package_identification:_identify(utilities/nodes/opponent_publisher) by extensions ['colcon_pkg']
[0.257s] Level 1:colcon.colcon_core.package_identification:_identify(utilities/nodes/opponent_publisher) by extension 'colcon_pkg'
[0.257s] Level 1:colcon.colcon_core.package_identification:_identify(utilities/nodes/opponent_publisher) by extensions ['colcon_meta']
[0.257s] Level 1:colcon.colcon_core.package_identification:_identify(utilities/nodes/opponent_publisher) by extension 'colcon_meta'
[0.257s] Level 1:colcon.colcon_core.package_identification:_identify(utilities/nodes/opponent_publisher) by extensions ['ros']
[0.257s] Level 1:colcon.colcon_core.package_identification:_identify(utilities/nodes/opponent_publisher) by extension 'ros'
[0.257s] DEBUG:colcon.colcon_core.package_identification:Package 'utilities/nodes/opponent_publisher' with type 'ros.ament_python' and name 'opponent_publisher'
[0.257s] Level 1:colcon.colcon_core.package_identification:_identify(utilities/nodes/sector_tuner) by extensions ['ignore', 'ignore_ament_install']
[0.257s] Level 1:colcon.colcon_core.package_identification:_identify(utilities/nodes/sector_tuner) by extension 'ignore'
[0.257s] Level 1:colcon.colcon_core.package_identification:_identify(utilities/nodes/sector_tuner) by extension 'ignore_ament_install'
[0.257s] Level 1:colcon.colcon_core.package_identification:_identify(utilities/nodes/sector_tuner) by extensions ['colcon_pkg']
[0.257s] Level 1:colcon.colcon_core.package_identification:_identify(utilities/nodes/sector_tuner) by extension 'colcon_pkg'
[0.257s] Level 1:colcon.colcon_core.package_identification:_identify(utilities/nodes/sector_tuner) by extensions ['colcon_meta']
[0.257s] Level 1:colcon.colcon_core.package_identification:_identify(utilities/nodes/sector_tuner) by extension 'colcon_meta'
[0.257s] Level 1:colcon.colcon_core.package_identification:_identify(utilities/nodes/sector_tuner) by extensions ['ros']
[0.257s] Level 1:colcon.colcon_core.package_identification:_identify(utilities/nodes/sector_tuner) by extension 'ros'
[0.257s] DEBUG:colcon.colcon_core.package_identification:Package 'utilities/nodes/sector_tuner' with type 'ros.ament_python' and name 'sector_tuner'
[0.257s] Level 1:colcon.colcon_core.package_identification:_identify(utilities/nodes/slam_tuner) by extensions ['ignore', 'ignore_ament_install']
[0.258s] Level 1:colcon.colcon_core.package_identification:_identify(utilities/nodes/slam_tuner) by extension 'ignore'
[0.258s] Level 1:colcon.colcon_core.package_identification:_identify(utilities/nodes/slam_tuner) by extension 'ignore_ament_install'
[0.258s] Level 1:colcon.colcon_core.package_identification:_identify(utilities/nodes/slam_tuner) by extensions ['colcon_pkg']
[0.258s] Level 1:colcon.colcon_core.package_identification:_identify(utilities/nodes/slam_tuner) by extension 'colcon_pkg'
[0.258s] Level 1:colcon.colcon_core.package_identification:_identify(utilities/nodes/slam_tuner) by extensions ['colcon_meta']
[0.258s] Level 1:colcon.colcon_core.package_identification:_identify(utilities/nodes/slam_tuner) by extension 'colcon_meta'
[0.258s] Level 1:colcon.colcon_core.package_identification:_identify(utilities/nodes/slam_tuner) by extensions ['ros']
[0.258s] Level 1:colcon.colcon_core.package_identification:_identify(utilities/nodes/slam_tuner) by extension 'ros'
[0.258s] DEBUG:colcon.colcon_core.package_identification:Package 'utilities/nodes/slam_tuner' with type 'ros.ament_python' and name 'slam_tuner'
[0.258s] Level 1:colcon.colcon_core.package_identification:_identify(utilities/nodes/sombrero_visualization) by extensions ['ignore', 'ignore_ament_install']
[0.258s] Level 1:colcon.colcon_core.package_identification:_identify(utilities/nodes/sombrero_visualization) by extension 'ignore'
[0.258s] Level 1:colcon.colcon_core.package_identification:_identify(utilities/nodes/sombrero_visualization) by extension 'ignore_ament_install'
[0.258s] Level 1:colcon.colcon_core.package_identification:_identify(utilities/nodes/sombrero_visualization) by extensions ['colcon_pkg']
[0.258s] Level 1:colcon.colcon_core.package_identification:_identify(utilities/nodes/sombrero_visualization) by extension 'colcon_pkg'
[0.258s] Level 1:colcon.colcon_core.package_identification:_identify(utilities/nodes/sombrero_visualization) by extensions ['colcon_meta']
[0.258s] Level 1:colcon.colcon_core.package_identification:_identify(utilities/nodes/sombrero_visualization) by extension 'colcon_meta'
[0.258s] Level 1:colcon.colcon_core.package_identification:_identify(utilities/nodes/sombrero_visualization) by extensions ['ros']
[0.258s] Level 1:colcon.colcon_core.package_identification:_identify(utilities/nodes/sombrero_visualization) by extension 'ros'
[0.258s] Level 1:colcon.colcon_core.package_identification:_identify(utilities/nodes/sombrero_visualization) by extensions ['cmake', 'python']
[0.258s] Level 1:colcon.colcon_core.package_identification:_identify(utilities/nodes/sombrero_visualization) by extension 'cmake'
[0.258s] Level 1:colcon.colcon_core.package_identification:_identify(utilities/nodes/sombrero_visualization) by extension 'python'
[0.258s] Level 1:colcon.colcon_core.package_identification:_identify(utilities/nodes/sombrero_visualization) by extensions ['python_setup_py']
[0.258s] Level 1:colcon.colcon_core.package_identification:_identify(utilities/nodes/sombrero_visualization) by extension 'python_setup_py'
[0.258s] Level 1:colcon.colcon_core.package_discovery:discover_packages(recursive) using defaults
[0.258s] Level 1:colcon.colcon_core.package_discovery:discover_packages(ignore) discover
[0.258s] Level 1:colcon.colcon_core.package_discovery:discover_packages(ignore) using defaults
[0.258s] Level 1:colcon.colcon_core.package_discovery:discover_packages(path) discover
[0.258s] Level 1:colcon.colcon_core.package_discovery:discover_packages(path) using defaults
